# JRE version: OpenJDK Runtime Environment (21.0.8) (build 21.0.8+-14018985-b1038.68)
# Java VM: OpenJDK 64-Bit Server VM (21.0.8+-14018985-b1038.68, mixed mode, tiered, compressed oops, compressed class ptrs, g1 gc, windows-amd64)
GC Precious Log:
 CardTable entry size: 512
 Card Set container configuration: InlinePtr #cards 4 size 8 Array Of Cards #cards 32 size 80 Howl #buckets 8 coarsen threshold 7372 Howl Bitmap #cards 1024 size 144 coarsen threshold 921 Card regions per heap region 1 cards per card region 8192
 CPUs: 12 total, 12 available
 Memory: 7916M
 Large Page Support: Disabled
 NUMA Support: Disabled
 Compressed Oops: Enabled (Zero based)
 Heap Region Size: 4M
 Heap Min Capacity: 8M
 Heap Initial Capacity: 124M
 Heap Max Capacity: 8G
 Pre-touch: Disabled
 Parallel Workers: 10
 Concurrent Workers: 3
 Concurrent Refinement Workers: 10
 Periodic GC: Disabled
Heap:
 garbage-first heap   total 1249280K, used 175627K [0x0000000600000000, 0x0000000800000000)
  region size 4096K, 3 young (12288K), 3 survivors (12288K)
 Metaspace       used 135618K, committed 137792K, reserved 1179648K
  class space    used 18990K, committed 20032K, reserved 1048576K
GC Heap History (20 events):
Event: 410.140 GC heap after
{Heap after GC invocations=52 (full 0):
 garbage-first heap   total 352256K, used 131894K [0x0000000600000000, 0x0000000800000000)
  region size 4096K, 1 young (4096K), 1 survivors (4096K)
 Metaspace       used 134191K, committed 136320K, reserved 1179648K
  class space    used 18809K, committed 19840K, reserved 1048576K
}
Event: 410.313 GC heap before
{Heap before GC invocations=52 (full 0):
 garbage-first heap   total 352256K, used 197430K [0x0000000600000000, 0x0000000800000000)
  region size 4096K, 18 young (73728K), 1 survivors (4096K)
 Metaspace       used 134227K, committed 136320K, reserved 1179648K
  class space    used 18813K, committed 19840K, reserved 1048576K
}
Event: 410.320 GC heap after
{Heap after GC invocations=53 (full 0):
 garbage-first heap   total 352256K, used 133990K [0x0000000600000000, 0x0000000800000000)
  region size 4096K, 1 young (4096K), 1 survivors (4096K)
 Metaspace       used 134227K, committed 136320K, reserved 1179648K
  class space    used 18813K, committed 19840K, reserved 1048576K
}
Event: 410.716 GC heap before
{Heap before GC invocations=53 (full 0):
 garbage-first heap   total 352256K, used 240486K [0x0000000600000000, 0x0000000800000000)
  region size 4096K, 28 young (114688K), 1 survivors (4096K)
 Metaspace       used 134291K, committed 136384K, reserved 1179648K
  class space    used 18827K, committed 19840K, reserved 1048576K
}
Event: 410.764 GC heap after
{Heap after GC invocations=54 (full 0):
 garbage-first heap   total 700416K, used 137713K [0x0000000600000000, 0x0000000800000000)
  region size 4096K, 2 young (8192K), 2 survivors (8192K)
 Metaspace       used 134291K, committed 136384K, reserved 1179648K
  class space    used 18827K, committed 19840K, reserved 1048576K
}
Event: 411.191 GC heap before
{Heap before GC invocations=54 (full 0):
 garbage-first heap   total 700416K, used 223729K [0x0000000600000000, 0x0000000800000000)
  region size 4096K, 24 young (98304K), 2 survivors (8192K)
 Metaspace       used 134304K, committed 136384K, reserved 1179648K
  class space    used 18831K, committed 19840K, reserved 1048576K
}
Event: 411.222 GC heap after
{Heap after GC invocations=55 (full 0):
 garbage-first heap   total 700416K, used 140978K [0x0000000600000000, 0x0000000800000000)
  region size 4096K, 3 young (12288K), 3 survivors (12288K)
 Metaspace       used 134304K, committed 136384K, reserved 1179648K
  class space    used 18831K, committed 19840K, reserved 1048576K
}
Event: 411.475 GC heap before
{Heap before GC invocations=55 (full 0):
 garbage-first heap   total 700416K, used 198322K [0x0000000600000000, 0x0000000800000000)
  region size 4096K, 17 young (69632K), 3 survivors (12288K)
 Metaspace       used 134307K, committed 136384K, reserved 1179648K
  class space    used 18831K, committed 19840K, reserved 1048576K
}
Event: 411.498 GC heap after
{Heap after GC invocations=56 (full 0):
 garbage-first heap   total 700416K, used 142293K [0x0000000600000000, 0x0000000800000000)
  region size 4096K, 2 young (8192K), 2 survivors (8192K)
 Metaspace       used 134307K, committed 136384K, reserved 1179648K
  class space    used 18831K, committed 19840K, reserved 1048576K
}
Event: 422.298 GC heap before
{Heap before GC invocations=56 (full 0):
 garbage-first heap   total 700416K, used 383957K [0x0000000600000000, 0x0000000800000000)
  region size 4096K, 63 young (258048K), 2 survivors (8192K)
 Metaspace       used 135405K, committed 137600K, reserved 1179648K
  class space    used 18988K, committed 20032K, reserved 1048576K
}
Event: 422.702 GC heap after
{Heap after GC invocations=57 (full 0):
 garbage-first heap   total 700416K, used 168962K [0x0000000600000000, 0x0000000800000000)
  region size 4096K, 8 young (32768K), 8 survivors (32768K)
 Metaspace       used 135405K, committed 137600K, reserved 1179648K
  class space    used 18988K, committed 20032K, reserved 1048576K
}
Event: 422.835 GC heap before
{Heap before GC invocations=57 (full 0):
 garbage-first heap   total 700416K, used 193538K [0x0000000600000000, 0x0000000800000000)
  region size 4096K, 14 young (57344K), 8 survivors (32768K)
 Metaspace       used 135429K, committed 137600K, reserved 1179648K
  class space    used 18988K, committed 20032K, reserved 1048576K
}
Event: 423.054 GC heap after
{Heap after GC invocations=58 (full 0):
 garbage-first heap   total 1249280K, used 171101K [0x0000000600000000, 0x0000000800000000)
  region size 4096K, 1 young (4096K), 1 survivors (4096K)
 Metaspace       used 135429K, committed 137600K, reserved 1179648K
  class space    used 18988K, committed 20032K, reserved 1048576K
}
Event: 424.344 GC heap before
{Heap before GC invocations=58 (full 0):
 garbage-first heap   total 1249280K, used 298077K [0x0000000600000000, 0x0000000800000000)
  region size 4096K, 33 young (135168K), 1 survivors (4096K)
 Metaspace       used 135508K, committed 137664K, reserved 1179648K
  class space    used 18990K, committed 20032K, reserved 1048576K
}
Event: 424.571 GC heap after
{Heap after GC invocations=59 (full 0):
 garbage-first heap   total 1249280K, used 169884K [0x0000000600000000, 0x0000000800000000)
  region size 4096K, 1 young (4096K), 1 survivors (4096K)
 Metaspace       used 135508K, committed 137664K, reserved 1179648K
  class space    used 18990K, committed 20032K, reserved 1048576K
}
Event: 425.877 GC heap before
{Heap before GC invocations=59 (full 0):
 garbage-first heap   total 1249280K, used 309148K [0x0000000600000000, 0x0000000800000000)
  region size 4096K, 36 young (147456K), 1 survivors (4096K)
 Metaspace       used 135565K, committed 137728K, reserved 1179648K
  class space    used 18990K, committed 20032K, reserved 1048576K
}
Event: 426.019 GC heap after
{Heap after GC invocations=60 (full 0):
 garbage-first heap   total 1249280K, used 172747K [0x0000000600000000, 0x0000000800000000)
  region size 4096K, 2 young (8192K), 2 survivors (8192K)
 Metaspace       used 135565K, committed 137728K, reserved 1179648K
  class space    used 18990K, committed 20032K, reserved 1048576K
}
Event: 427.237 GC heap before
{Heap before GC invocations=60 (full 0):
 garbage-first heap   total 1249280K, used 328395K [0x0000000600000000, 0x0000000800000000)
  region size 4096K, 41 young (167936K), 2 survivors (8192K)
 Metaspace       used 135582K, committed 137728K, reserved 1179648K
  class space    used 18990K, committed 20032K, reserved 1048576K
}
Event: 428.116 GC heap after
{Heap after GC invocations=61 (full 0):
 garbage-first heap   total 1249280K, used 173741K [0x0000000600000000, 0x0000000800000000)
  region size 4096K, 2 young (8192K), 2 survivors (8192K)
 Metaspace       used 135582K, committed 137728K, reserved 1179648K
  class space    used 18990K, committed 20032K, reserved 1048576K
}
Event: 435.186 GC heap before
{Heap before GC invocations=61 (full 0):
 garbage-first heap   total 1249280K, used 411309K [0x0000000600000000, 0x0000000800000000)
  region size 4096K, 60 young (245760K), 2 survivors (8192K)
 Metaspace       used 135618K, committed 137792K, reserved 1179648K
  class space    used 18990K, committed 20032K, reserved 1048576K
}

