# JRE version: OpenJDK Runtime Environment (21.0.8) (build 21.0.8+-14018985-b1038.68)
# Java VM: OpenJDK 64-Bit Server VM (21.0.8+-14018985-b1038.68, mixed mode, tiered, compressed oops, compressed class ptrs, g1 gc, windows-amd64)
GC Precious Log:
 CardTable entry size: 512
 Card Set container configuration: InlinePtr #cards 4 size 8 Array Of Cards #cards 32 size 80 Howl #buckets 8 coarsen threshold 7372 Howl Bitmap #cards 1024 size 144 coarsen threshold 921 Card regions per heap region 1 cards per card region 8192
 CPUs: 12 total, 12 available
 Memory: 7916M
 Large Page Support: Disabled
 NUMA Support: Disabled
 Compressed Oops: Enabled (Zero based)
 Heap Region Size: 4M
 Heap Min Capacity: 8M
 Heap Initial Capacity: 124M
 Heap Max Capacity: 8G
 Pre-touch: Disabled
 Parallel Workers: 10
 Concurrent Workers: 3
 Concurrent Refinement Workers: 10
 Periodic GC: Disabled
Heap:
 garbage-first heap   total 704512K, used 138404K [0x0000000600000000, 0x0000000800000000)
  region size 4096K, 4 young (16384K), 4 survivors (16384K)
 Metaspace       used 128626K, committed 130752K, reserved 1179648K
  class space    used 18115K, committed 19136K, reserved 1048576K
GC Heap History (20 events):
Event: 268.135 GC heap after
{Heap after GC invocations=36 (full 0):
 garbage-first heap   total 352256K, used 120315K [0x0000000600000000, 0x0000000800000000)
  region size 4096K, 1 young (4096K), 1 survivors (4096K)
 Metaspace       used 127573K, committed 129728K, reserved 1179648K
  class space    used 17825K, committed 18880K, reserved 1048576K
}
Event: 296.469 GC heap before
{Heap before GC invocations=37 (full 0):
 garbage-first heap   total 352256K, used 132603K [0x0000000600000000, 0x0000000800000000)
  region size 4096K, 4 young (16384K), 1 survivors (4096K)
 Metaspace       used 127573K, committed 129728K, reserved 1179648K
  class space    used 17825K, committed 18880K, reserved 1048576K
}
Event: 296.588 GC heap after
{Heap after GC invocations=38 (full 0):
 garbage-first heap   total 352256K, used 120160K [0x0000000600000000, 0x0000000800000000)
  region size 4096K, 1 young (4096K), 1 survivors (4096K)
 Metaspace       used 127573K, committed 129728K, reserved 1179648K
  class space    used 17825K, committed 18880K, reserved 1048576K
}
Event: 321.420 GC heap before
{Heap before GC invocations=38 (full 0):
 garbage-first heap   total 352256K, used 132448K [0x0000000600000000, 0x0000000800000000)
  region size 4096K, 4 young (16384K), 1 survivors (4096K)
 Metaspace       used 127578K, committed 129728K, reserved 1179648K
  class space    used 17825K, committed 18880K, reserved 1048576K
}
Event: 321.639 GC heap after
{Heap after GC invocations=39 (full 0):
 garbage-first heap   total 352256K, used 118207K [0x0000000600000000, 0x0000000800000000)
  region size 4096K, 1 young (4096K), 1 survivors (4096K)
 Metaspace       used 127578K, committed 129728K, reserved 1179648K
  class space    used 17825K, committed 18880K, reserved 1048576K
}
Event: 355.209 GC heap before
{Heap before GC invocations=39 (full 0):
 garbage-first heap   total 352256K, used 134591K [0x0000000600000000, 0x0000000800000000)
  region size 4096K, 5 young (20480K), 1 survivors (4096K)
 Metaspace       used 127583K, committed 129728K, reserved 1179648K
  class space    used 17825K, committed 18880K, reserved 1048576K
}
Event: 355.285 GC heap after
{Heap after GC invocations=40 (full 0):
 garbage-first heap   total 352256K, used 118276K [0x0000000600000000, 0x0000000800000000)
  region size 4096K, 1 young (4096K), 1 survivors (4096K)
 Metaspace       used 127583K, committed 129728K, reserved 1179648K
  class space    used 17825K, committed 18880K, reserved 1048576K
}
Event: 387.408 GC heap before
{Heap before GC invocations=40 (full 0):
 garbage-first heap   total 352256K, used 155140K [0x0000000600000000, 0x0000000800000000)
  region size 4096K, 10 young (40960K), 1 survivors (4096K)
 Metaspace       used 128145K, committed 130304K, reserved 1179648K
  class space    used 17988K, committed 19008K, reserved 1048576K
}
Event: 387.453 GC heap after
{Heap after GC invocations=41 (full 0):
 garbage-first heap   total 352256K, used 121639K [0x0000000600000000, 0x0000000800000000)
  region size 4096K, 1 young (4096K), 1 survivors (4096K)
 Metaspace       used 128145K, committed 130304K, reserved 1179648K
  class space    used 17988K, committed 19008K, reserved 1048576K
}
Event: 387.532 GC heap before
{Heap before GC invocations=41 (full 0):
 garbage-first heap   total 352256K, used 129831K [0x0000000600000000, 0x0000000800000000)
  region size 4096K, 5 young (20480K), 1 survivors (4096K)
 Metaspace       used 128158K, committed 130304K, reserved 1179648K
  class space    used 17990K, committed 19008K, reserved 1048576K
}
Event: 387.563 GC heap after
{Heap after GC invocations=42 (full 0):
 garbage-first heap   total 352256K, used 122763K [0x0000000600000000, 0x0000000800000000)
  region size 4096K, 1 young (4096K), 1 survivors (4096K)
 Metaspace       used 128158K, committed 130304K, reserved 1179648K
  class space    used 17990K, committed 19008K, reserved 1048576K
}
Event: 388.309 GC heap before
{Heap before GC invocations=42 (full 0):
 garbage-first heap   total 352256K, used 188299K [0x0000000600000000, 0x0000000800000000)
  region size 4096K, 18 young (73728K), 1 survivors (4096K)
 Metaspace       used 128306K, committed 130432K, reserved 1179648K
  class space    used 18026K, committed 19072K, reserved 1048576K
}
Event: 388.328 GC heap after
{Heap after GC invocations=43 (full 0):
 garbage-first heap   total 704512K, used 125217K [0x0000000600000000, 0x0000000800000000)
  region size 4096K, 1 young (4096K), 1 survivors (4096K)
 Metaspace       used 128306K, committed 130432K, reserved 1179648K
  class space    used 18026K, committed 19072K, reserved 1048576K
}
Event: 388.768 GC heap before
{Heap before GC invocations=43 (full 0):
 garbage-first heap   total 704512K, used 207137K [0x0000000600000000, 0x0000000800000000)
  region size 4096K, 21 young (86016K), 1 survivors (4096K)
 Metaspace       used 128589K, committed 130688K, reserved 1179648K
  class space    used 18114K, committed 19136K, reserved 1048576K
}
Event: 388.779 GC heap after
{Heap after GC invocations=44 (full 0):
 garbage-first heap   total 704512K, used 128836K [0x0000000600000000, 0x0000000800000000)
  region size 4096K, 2 young (8192K), 2 survivors (8192K)
 Metaspace       used 128589K, committed 130688K, reserved 1179648K
  class space    used 18114K, committed 19136K, reserved 1048576K
}
Event: 388.978 GC heap before
{Heap before GC invocations=44 (full 0):
 garbage-first heap   total 704512K, used 190276K [0x0000000600000000, 0x0000000800000000)
  region size 4096K, 17 young (69632K), 2 survivors (8192K)
 Metaspace       used 128611K, committed 130752K, reserved 1179648K
  class space    used 18115K, committed 19136K, reserved 1048576K
}
Event: 388.991 GC heap after
{Heap after GC invocations=45 (full 0):
 garbage-first heap   total 704512K, used 131199K [0x0000000600000000, 0x0000000800000000)
  region size 4096K, 3 young (12288K), 3 survivors (12288K)
 Metaspace       used 128611K, committed 130752K, reserved 1179648K
  class space    used 18115K, committed 19136K, reserved 1048576K
}
Event: 389.117 GC heap before
{Heap before GC invocations=45 (full 0):
 garbage-first heap   total 704512K, used 184447K [0x0000000600000000, 0x0000000800000000)
  region size 4096K, 18 young (73728K), 3 survivors (12288K)
 Metaspace       used 128615K, committed 130752K, reserved 1179648K
  class space    used 18115K, committed 19136K, reserved 1048576K
}
Event: 389.152 GC heap after
{Heap after GC invocations=46 (full 0):
 garbage-first heap   total 704512K, used 133714K [0x0000000600000000, 0x0000000800000000)
  region size 4096K, 3 young (12288K), 3 survivors (12288K)
 Metaspace       used 128615K, committed 130752K, reserved 1179648K
  class space    used 18115K, committed 19136K, reserved 1048576K
}
Event: 389.320 GC heap before
{Heap before GC invocations=46 (full 0):
 garbage-first heap   total 704512K, used 236114K [0x0000000600000000, 0x0000000800000000)
  region size 4096K, 29 young (118784K), 3 survivors (12288K)
 Metaspace       used 128626K, committed 130752K, reserved 1179648K
  class space    used 18115K, committed 19136K, reserved 1048576K
}

